<?xml version="1.0" encoding="UTF-8"?>
<!-- Generated by org.testng.reporters.JUnitReportReporter -->
<testsuite hostname="DESKTOP-8DO45Q1" failures="0" tests="1" name="application.tests.TC001_Flight_Booking_Test" time="8.669" errors="0" timestamp="2021-07-21T16:10:53 IST" skipped="0">
  <testcase classname="application.tests.TC001_Flight_Booking_Test" name="BookingFlight" time="8.669"/>
</testsuite> <!-- application.tests.TC001_Flight_Booking_Test -->
