<?xml version="1.0" encoding="UTF-8"?>
<!-- Generated by org.testng.reporters.JUnitReportReporter -->
<testsuite hostname="DESKTOP-8DO45Q1" failures="0" tests="1" name="application.tests.TC001_Flight_Booking_Test" time="10.725" errors="0" timestamp="2021-07-22T00:03:35 IST" skipped="0">
  <testcase classname="application.tests.TC001_Flight_Booking_Test" name="TC001_Flight_Booking" time="10.725"/>
</testsuite> <!-- application.tests.TC001_Flight_Booking_Test -->
